0 info it worked if it ends with ok
1 verbose cli [ '/usr/bin/nodejs',
1 verbose cli   '/usr/bin/npm',
1 verbose cli   'install',
1 verbose cli   'dpd-event-callback',
1 verbose cli   '-g' ]
2 info using npm@3.5.2
3 info using node@v4.2.6
4 silly loadCurrentTree Starting
5 silly install loadCurrentTree
6 silly install readGlobalPackageData
7 silly fetchPackageMetaData dpd-event-callback
8 silly fetchNamedPackageData dpd-event-callback
9 silly mapToRegistry name dpd-event-callback
10 silly mapToRegistry using default registry
11 silly mapToRegistry registry https://registry.npmjs.org/
12 silly mapToRegistry uri https://registry.npmjs.org/dpd-event-callback
13 verbose request uri https://registry.npmjs.org/dpd-event-callback
14 verbose request no auth needed
15 info attempt registry request try #1 at 1:37:47 PM
16 verbose request id 87c108e7b8f97bd6
17 verbose etag W/"586023c0-c10"
18 verbose lastModified Sun, 25 Dec 2016 19:53:36 GMT
19 http request GET https://registry.npmjs.org/dpd-event-callback
20 http 304 https://registry.npmjs.org/dpd-event-callback
21 verbose headers { date: 'Thu, 29 Jun 2017 13:37:47 GMT',
21 verbose headers   via: '1.1 varnish',
21 verbose headers   'cache-control': 'max-age=300',
21 verbose headers   etag: 'W/"586023c0-c10"',
21 verbose headers   age: '0',
21 verbose headers   connection: 'keep-alive',
21 verbose headers   'x-served-by': 'cache-dfw1832-DFW',
21 verbose headers   'x-cache': 'MISS',
21 verbose headers   'x-cache-hits': '0',
21 verbose headers   'x-timer': 'S1498743467.260226,VS0,VE182',
21 verbose headers   vary: 'Accept-Encoding' }
22 silly get cb [ 304,
22 silly get   { date: 'Thu, 29 Jun 2017 13:37:47 GMT',
22 silly get     via: '1.1 varnish',
22 silly get     'cache-control': 'max-age=300',
22 silly get     etag: 'W/"586023c0-c10"',
22 silly get     age: '0',
22 silly get     connection: 'keep-alive',
22 silly get     'x-served-by': 'cache-dfw1832-DFW',
22 silly get     'x-cache': 'MISS',
22 silly get     'x-cache-hits': '0',
22 silly get     'x-timer': 'S1498743467.260226,VS0,VE182',
22 silly get     vary: 'Accept-Encoding' } ]
23 verbose etag https://registry.npmjs.org/dpd-event-callback from cache
24 verbose get saving dpd-event-callback to /home/user-travel-umroh/.npm/registry.npmjs.org/dpd-event-callback/.cache.json
25 silly install normalizeTree
26 silly loadCurrentTree Finishing
27 silly loadIdealTree Starting
28 silly install loadIdealTree
29 silly cloneCurrentTree Starting
30 silly install cloneCurrentTreeToIdealTree
31 silly cloneCurrentTree Finishing
32 silly loadShrinkwrap Starting
33 silly install loadShrinkwrap
34 silly loadShrinkwrap Finishing
35 silly loadAllDepsIntoIdealTree Starting
36 silly install loadAllDepsIntoIdealTree
37 silly resolveWithNewModule dpd-event-callback@0.0.2 checking installable status
38 silly cache add args [ 'dpd-event-callback', null ]
39 verbose cache add spec dpd-event-callback
40 silly cache add parsed spec Result {
40 silly cache add   raw: 'dpd-event-callback',
40 silly cache add   scope: null,
40 silly cache add   name: 'dpd-event-callback',
40 silly cache add   rawSpec: '',
40 silly cache add   spec: 'latest',
40 silly cache add   type: 'tag' }
41 silly addNamed dpd-event-callback@latest
42 verbose addNamed "latest" is being treated as a dist-tag for dpd-event-callback
43 info addNameTag [ 'dpd-event-callback', 'latest' ]
44 silly mapToRegistry name dpd-event-callback
45 silly mapToRegistry using default registry
46 silly mapToRegistry registry https://registry.npmjs.org/
47 silly mapToRegistry uri https://registry.npmjs.org/dpd-event-callback
48 verbose addNameTag registry:https://registry.npmjs.org/dpd-event-callback not in flight; fetching
49 verbose get https://registry.npmjs.org/dpd-event-callback not expired, no request
50 silly addNameTag next cb for dpd-event-callback with tag latest
51 silly addNamed dpd-event-callback@0.0.2
52 verbose addNamed "0.0.2" is a plain semver version for dpd-event-callback
53 silly cache afterAdd dpd-event-callback@0.0.2
54 verbose afterAdd /home/user-travel-umroh/.npm/dpd-event-callback/0.0.2/package/package.json not in flight; writing
55 verbose afterAdd /home/user-travel-umroh/.npm/dpd-event-callback/0.0.2/package/package.json written
56 silly loadAllDepsIntoIdealTree Finishing
57 silly idealTree:prePrune lib
57 silly idealTree:prePrune └── dpd-event-callback@0.0.2
58 silly loadIdealTree Finishing
59 silly currentTree lib
60 silly idealTree lib
60 silly idealTree └── dpd-event-callback@0.0.2
61 silly generateActionsToTake Starting
62 silly install generateActionsToTake
63 warn checkPermissions Missing write access to /usr/local/lib/node_modules
64 silly rollbackFailedOptional Starting
65 silly rollbackFailedOptional Finishing
66 silly runTopLevelLifecycles Starting
67 silly runTopLevelLifecycles Finishing
68 silly install printInstalled
69 verbose stack Error: EACCES: permission denied, access '/usr/local/lib/node_modules'
69 verbose stack     at Error (native)
70 verbose cwd /home/user-travel-umroh/travel-umroh
71 error Linux 2.6.32-042stab120.19
72 error argv "/usr/bin/nodejs" "/usr/bin/npm" "install" "dpd-event-callback" "-g"
73 error node v4.2.6
74 error npm  v3.5.2
75 error path /usr/local/lib/node_modules
76 error code EACCES
77 error errno -13
78 error syscall access
79 error Error: EACCES: permission denied, access '/usr/local/lib/node_modules'
79 error     at Error (native)
79 error  { [Error: EACCES: permission denied, access '/usr/local/lib/node_modules']
79 error   errno: -13,
79 error   code: 'EACCES',
79 error   syscall: 'access',
79 error   path: '/usr/local/lib/node_modules' }
80 error Please try running this command again as root/Administrator.
81 verbose exit [ -13, true ]
